app/build/intermediates/manifest_merge_blame_file/release/manifest-merger-blame-release-report.txt
1<?xml version="1.0" encoding="utf-8"?>
2<manifest xmlns:android="http://schemas.android.com/apk/res/android"
3    package="com.qdocs.smartschools"
4    android:versionCode="2"
5    android:versionName="1.0.0" >
6
7    <uses-sdk
8        android:minSdkVersion="24"
9        android:targetSdkVersion="34" />
10
11    <uses-permission android:name="android.permission.WRITE_CALENDAR" />
11-->src\main\AndroidManifest.xml:6:5-73
11-->src\main\AndroidManifest.xml:6:22-70
12    <uses-permission android:name="android.permission.WRITE_EXTERNAL_STORAGE" />
12-->src\main\AndroidManifest.xml:7:5-81
12-->src\main\AndroidManifest.xml:7:22-78
13    <uses-permission
13-->src\main\AndroidManifest.xml:8:5-10:36
14        android:name="android.permission.CALL_PHONE"
14-->src\main\AndroidManifest.xml:9:9-53
15        android:required="false" />
15-->src\main\AndroidManifest.xml:10:9-33
16    <uses-permission android:name="android.permission.READ_EXTERNAL_STORAGE" />
16-->src\main\AndroidManifest.xml:11:5-80
16-->src\main\AndroidManifest.xml:11:22-77
17    <uses-permission android:name="android.permission.INTERNET" />
17-->src\main\AndroidManifest.xml:12:5-67
17-->src\main\AndroidManifest.xml:12:22-64
18    <uses-permission android:name="android.permission.ACCESS_NETWORK_STATE" />
18-->src\main\AndroidManifest.xml:13:5-79
18-->src\main\AndroidManifest.xml:13:22-76
19    <uses-permission android:name="android.permission.READ_CALENDAR" />
19-->src\main\AndroidManifest.xml:14:5-72
19-->src\main\AndroidManifest.xml:14:22-69
20    <uses-permission android:name="android.permission.READ_MEDIA_IMAGES" />
20-->src\main\AndroidManifest.xml:15:5-76
20-->src\main\AndroidManifest.xml:15:22-73
21    <uses-permission android:name="android.permission.READ_MEDIA_AUDIO" />
21-->src\main\AndroidManifest.xml:16:5-75
21-->src\main\AndroidManifest.xml:16:22-72
22    <uses-permission android:name="android.permission.READ_MEDIA_VIDEO" />
22-->src\main\AndroidManifest.xml:17:5-75
22-->src\main\AndroidManifest.xml:17:22-72
23    <uses-permission android:name="android.permission.READ_MEDIA_FILE" />
23-->src\main\AndroidManifest.xml:18:5-74
23-->src\main\AndroidManifest.xml:18:22-71
24    <uses-permission android:name="android.permission.POST_NOTIFICATIONS" />
24-->src\main\AndroidManifest.xml:19:5-77
24-->src\main\AndroidManifest.xml:19:22-74
25    <uses-permission
25-->src\main\AndroidManifest.xml:20:5-22:36
26        android:name="android.permission.CAMERA"
26-->src\main\AndroidManifest.xml:21:9-49
27        android:required="false" />
27-->src\main\AndroidManifest.xml:22:9-33
28    <uses-permission android:name="android.permission.READ_PHONE_STATE" />
28-->src\main\AndroidManifest.xml:23:5-75
28-->src\main\AndroidManifest.xml:23:22-72
29    <uses-permission android:name="android.permission.FOREGROUND_SERVICE" />
29-->src\main\AndroidManifest.xml:24:5-77
29-->src\main\AndroidManifest.xml:24:22-74
30
31    <uses-feature
31-->src\main\AndroidManifest.xml:26:5-28:36
32        android:name="android.hardware.telephony"
32-->src\main\AndroidManifest.xml:27:9-50
33        android:required="false" />
33-->src\main\AndroidManifest.xml:28:9-33
34    <uses-feature
34-->src\main\AndroidManifest.xml:29:5-31:36
35        android:name="android.hardware.camera.autofocus"
35-->src\main\AndroidManifest.xml:30:9-57
36        android:required="false" />
36-->src\main\AndroidManifest.xml:31:9-33
37    <uses-feature
37-->src\main\AndroidManifest.xml:32:5-34:35
38        android:name="android.hardware.camera"
38-->src\main\AndroidManifest.xml:33:9-47
39        android:required="true" />
39-->src\main\AndroidManifest.xml:34:9-32
40
41    <uses-permission android:name="android.permission.WAKE_LOCK" /> <!-- Required by older versions of Google Play services to create IID tokens -->
41-->[com.google.firebase:firebase-iid:20.0.0] AndroidManifest.xml:24:5-68
41-->[com.google.firebase:firebase-iid:20.0.0] AndroidManifest.xml:24:22-65
42    <uses-permission android:name="com.google.android.c2dm.permission.RECEIVE" />
42-->[com.google.firebase:firebase-iid:20.0.0] AndroidManifest.xml:26:5-82
42-->[com.google.firebase:firebase-iid:20.0.0] AndroidManifest.xml:26:22-79
43
44    <permission
44-->[androidx.core:core:1.9.0] AndroidManifest.xml:22:5-24:47
45        android:name="com.qdocs.smartschools.DYNAMIC_RECEIVER_NOT_EXPORTED_PERMISSION"
45-->[androidx.core:core:1.9.0] AndroidManifest.xml:23:9-81
46        android:protectionLevel="signature" />
46-->[androidx.core:core:1.9.0] AndroidManifest.xml:24:9-44
47
48    <uses-permission android:name="com.qdocs.smartschools.DYNAMIC_RECEIVER_NOT_EXPORTED_PERMISSION" />
48-->[androidx.core:core:1.9.0] AndroidManifest.xml:26:5-97
48-->[androidx.core:core:1.9.0] AndroidManifest.xml:26:22-94
49
50    <application
50-->src\main\AndroidManifest.xml:36:5-292:19
51        android:name="com.qdocs.smartschool.utils.MyApp"
51-->src\main\AndroidManifest.xml:37:9-57
52        android:allowBackup="false"
52-->src\main\AndroidManifest.xml:38:9-36
53        android:appComponentFactory="androidx.core.app.CoreComponentFactory"
53-->[androidx.core:core:1.9.0] AndroidManifest.xml:28:18-86
54        android:configChanges="orientation|screenSize"
54-->src\main\AndroidManifest.xml:39:9-55
55        android:exported="true"
55-->src\main\AndroidManifest.xml:40:9-32
56        android:extractNativeLibs="false"
57        android:hardwareAccelerated="true"
57-->src\main\AndroidManifest.xml:41:9-43
58        android:icon="@drawable/smart_icon"
58-->src\main\AndroidManifest.xml:42:9-44
59        android:label="@string/app_name"
59-->src\main\AndroidManifest.xml:43:9-41
60        android:requestLegacyExternalStorage="true"
60-->src\main\AndroidManifest.xml:44:9-52
61        android:roundIcon="@drawable/smart_icon"
61-->src\main\AndroidManifest.xml:45:9-49
62        android:supportsRtl="true"
62-->src\main\AndroidManifest.xml:46:9-35
63        android:theme="@style/AppTheme"
63-->src\main\AndroidManifest.xml:47:9-40
64        android:usesCleartextTraffic="true" >
64-->src\main\AndroidManifest.xml:48:9-44
65        <activity
65-->src\main\AndroidManifest.xml:50:9-52:40
66            android:name="com.qdocs.smartschool.LoaderView"
66-->src\main\AndroidManifest.xml:51:13-60
67            android:exported="false" />
67-->src\main\AndroidManifest.xml:52:13-37
68        <activity
68-->src\main\AndroidManifest.xml:53:9-55:40
69            android:name="com.qdocs.smartschool.students.CreateTaskActivity"
69-->src\main\AndroidManifest.xml:54:13-77
70            android:exported="false" />
70-->src\main\AndroidManifest.xml:55:13-37
71        <activity
71-->src\main\AndroidManifest.xml:56:9-58:40
72            android:name="com.qdocs.smartschool.students.CbseExaminationActivity"
72-->src\main\AndroidManifest.xml:57:13-82
73            android:exported="false" />
73-->src\main\AndroidManifest.xml:58:13-37
74        <activity
74-->src\main\AndroidManifest.xml:59:9-61:40
75            android:name="com.qdocs.smartschool.students.CbseTimeTableActivity"
75-->src\main\AndroidManifest.xml:60:13-80
76            android:exported="false" />
76-->src\main\AndroidManifest.xml:61:13-37
77        <activity
77-->src\main\AndroidManifest.xml:62:9-64:40
78            android:name="com.qdocs.smartschool.students.StudentOfflinePayment"
78-->src\main\AndroidManifest.xml:63:13-80
79            android:exported="false" />
79-->src\main\AndroidManifest.xml:64:13-37
80        <activity
80-->src\main\AndroidManifest.xml:65:9-67:39
81            android:name="com.qdocs.smartschool.students.BehaviourComment"
81-->src\main\AndroidManifest.xml:66:13-75
82            android:exported="true" />
82-->src\main\AndroidManifest.xml:67:13-36
83        <activity
83-->src\main\AndroidManifest.xml:68:9-70:39
84            android:name="com.qdocs.smartschool.students.StudentVideoTutorialPlay"
84-->src\main\AndroidManifest.xml:69:13-83
85            android:exported="true" />
85-->src\main\AndroidManifest.xml:70:13-36
86        <activity
86-->src\main\AndroidManifest.xml:71:9-73:39
87            android:name="com.qdocs.smartschool.students.StudentHomeworkNew"
87-->src\main\AndroidManifest.xml:72:13-77
88            android:exported="true" />
88-->src\main\AndroidManifest.xml:73:13-36
89        <activity
89-->src\main\AndroidManifest.xml:74:9-76:39
90            android:name="com.qdocs.smartschool.students.NewDashboard"
90-->src\main\AndroidManifest.xml:75:13-71
91            android:exported="true" />
91-->src\main\AndroidManifest.xml:76:13-36
92        <activity
92-->src\main\AndroidManifest.xml:77:9-79:39
93            android:name="com.qdocs.smartschool.students.StudentCoursePerformance"
93-->src\main\AndroidManifest.xml:78:13-83
94            android:exported="true" />
94-->src\main\AndroidManifest.xml:79:13-36
95        <activity
95-->src\main\AndroidManifest.xml:80:9-82:39
96            android:name="com.qdocs.smartschool.students.StudentUploadDocument"
96-->src\main\AndroidManifest.xml:81:13-80
97            android:exported="true" />
97-->src\main\AndroidManifest.xml:82:13-36
98        <activity
98-->src\main\AndroidManifest.xml:83:9-85:39
99            android:name="com.qdocs.smartschool.students.StudentDailyAssignment"
99-->src\main\AndroidManifest.xml:84:13-81
100            android:exported="true" />
100-->src\main\AndroidManifest.xml:85:13-36
101        <activity
101-->src\main\AndroidManifest.xml:86:9-88:39
102            android:name="com.qdocs.smartschool.students.StudentProcessingFees"
102-->src\main\AndroidManifest.xml:87:13-80
103            android:exported="true" />
103-->src\main\AndroidManifest.xml:88:13-36
104        <activity
104-->src\main\AndroidManifest.xml:89:9-92:39
105            android:name="com.qdocs.smartschool.students.StudentCourseDetail"
105-->src\main\AndroidManifest.xml:90:13-78
106            android:configChanges="orientation|keyboardHidden|screenSize|layoutDirection"
106-->src\main\AndroidManifest.xml:91:13-90
107            android:exported="true" />
107-->src\main\AndroidManifest.xml:92:13-36
108        <activity
108-->src\main\AndroidManifest.xml:93:9-95:39
109            android:name="com.qdocs.smartschool.students.StudentOnlineCourse"
109-->src\main\AndroidManifest.xml:94:13-78
110            android:exported="true" />
110-->src\main\AndroidManifest.xml:95:13-36
111        <activity
111-->src\main\AndroidManifest.xml:96:9-99:39
112            android:name="com.qdocs.smartschool.students.StudentStartLessonActivity"
112-->src\main\AndroidManifest.xml:97:13-85
113            android:configChanges="keyboardHidden|orientation|screenSize|layoutDirection|uiMode"
113-->src\main\AndroidManifest.xml:98:13-97
114            android:exported="true" />
114-->src\main\AndroidManifest.xml:99:13-36
115        <activity
115-->src\main\AndroidManifest.xml:100:9-102:39
116            android:name="com.qdocs.smartschool.students.StudentLiveClasses"
116-->src\main\AndroidManifest.xml:101:13-77
117            android:exported="true" />
117-->src\main\AndroidManifest.xml:102:13-36
118        <activity
118-->src\main\AndroidManifest.xml:103:9-105:39
119            android:name="com.qdocs.smartschool.students.StudentOfflinePaymentList"
119-->src\main\AndroidManifest.xml:104:13-84
120            android:exported="true" />
120-->src\main\AndroidManifest.xml:105:13-36
121        <activity
121-->src\main\AndroidManifest.xml:106:9-108:39
122            android:name="com.qdocs.smartschool.students.StudentGmeetLiveClasses"
122-->src\main\AndroidManifest.xml:107:13-82
123            android:exported="true" />
123-->src\main\AndroidManifest.xml:108:13-36
124        <activity
124-->src\main\AndroidManifest.xml:109:9-111:39
125            android:name="com.qdocs.smartschool.students.StudentBehaviourReport"
125-->src\main\AndroidManifest.xml:110:13-81
126            android:exported="true" />
126-->src\main\AndroidManifest.xml:111:13-36
127        <activity
127-->src\main\AndroidManifest.xml:112:9-114:39
128            android:name="com.qdocs.smartschool.students.NotificationList"
128-->src\main\AndroidManifest.xml:113:13-75
129            android:exported="true" />
129-->src\main\AndroidManifest.xml:114:13-36
130        <activity
130-->src\main\AndroidManifest.xml:115:9-118:39
131            android:name="com.qdocs.smartschool.students.StudentOnlineExamQuestionsNew"
131-->src\main\AndroidManifest.xml:116:13-88
132            android:configChanges="orientation|screenSize"
132-->src\main\AndroidManifest.xml:117:13-59
133            android:exported="true" />
133-->src\main\AndroidManifest.xml:118:13-36
134        <activity
134-->src\main\AndroidManifest.xml:119:9-121:39
135            android:name="com.qdocs.smartschool.students.StudentOnlineExamResult"
135-->src\main\AndroidManifest.xml:120:13-82
136            android:exported="true" />
136-->src\main\AndroidManifest.xml:121:13-36
137        <activity
137-->src\main\AndroidManifest.xml:122:9-124:39
138            android:name="com.qdocs.smartschool.students.StudentOnlineExam"
138-->src\main\AndroidManifest.xml:123:13-76
139            android:exported="true" />
139-->src\main\AndroidManifest.xml:124:13-36
140        <activity
140-->src\main\AndroidManifest.xml:125:9-127:39
141            android:name="com.qdocs.smartschool.AboutSchool"
141-->src\main\AndroidManifest.xml:126:13-61
142            android:exported="true" />
142-->src\main\AndroidManifest.xml:127:13-36
143        <activity
143-->src\main\AndroidManifest.xml:128:9-130:39
144            android:name="com.qdocs.smartschool.students.StudentTimeline"
144-->src\main\AndroidManifest.xml:129:13-74
145            android:exported="true" />
145-->src\main\AndroidManifest.xml:130:13-36
146        <activity
146-->src\main\AndroidManifest.xml:131:9-133:39
147            android:name="com.qdocs.smartschool.students.StudentAddTimeLine"
147-->src\main\AndroidManifest.xml:132:13-77
148            android:exported="true" />
148-->src\main\AndroidManifest.xml:133:13-36
149        <activity
149-->src\main\AndroidManifest.xml:134:9-136:39
150            android:name="com.qdocs.smartschool.students.StudentEditTimeLine"
150-->src\main\AndroidManifest.xml:135:13-78
151            android:exported="true" />
151-->src\main\AndroidManifest.xml:136:13-36
152        <activity
152-->src\main\AndroidManifest.xml:137:9-139:39
153            android:name="com.qdocs.smartschool.students.StudentDocuments"
153-->src\main\AndroidManifest.xml:138:13-75
154            android:exported="true" />
154-->src\main\AndroidManifest.xml:139:13-36
155        <activity
155-->src\main\AndroidManifest.xml:140:9-148:20
156            android:name="com.qdocs.smartschool.SplashActivity"
156-->src\main\AndroidManifest.xml:141:13-64
157            android:exported="true" >
157-->src\main\AndroidManifest.xml:142:13-36
158            <intent-filter>
158-->src\main\AndroidManifest.xml:143:13-147:29
159                <action android:name="android.intent.action.MAIN" />
159-->src\main\AndroidManifest.xml:144:17-69
159-->src\main\AndroidManifest.xml:144:25-66
160
161                <category android:name="android.intent.category.LAUNCHER" />
161-->src\main\AndroidManifest.xml:146:17-77
161-->src\main\AndroidManifest.xml:146:27-74
162            </intent-filter>
163        </activity>
164        <activity
164-->src\main\AndroidManifest.xml:149:9-151:39
165            android:name="com.qdocs.smartschool.Login"
165-->src\main\AndroidManifest.xml:150:13-55
166            android:exported="true" />
166-->src\main\AndroidManifest.xml:151:13-36
167        <activity
167-->src\main\AndroidManifest.xml:152:9-154:39
168            android:name="com.qdocs.smartschool.students.StudentProfileDetailsNew"
168-->src\main\AndroidManifest.xml:153:13-83
169            android:exported="true" />
169-->src\main\AndroidManifest.xml:154:13-36
170        <activity
170-->src\main\AndroidManifest.xml:155:9-157:39
171            android:name="com.qdocs.smartschool.students.StudentAddAssignment"
171-->src\main\AndroidManifest.xml:156:13-79
172            android:exported="true" />
172-->src\main\AndroidManifest.xml:157:13-36
173        <activity
173-->src\main\AndroidManifest.xml:158:9-160:39
174            android:name="com.qdocs.smartschool.students.StudentEditAssignment"
174-->src\main\AndroidManifest.xml:159:13-80
175            android:exported="true" />
175-->src\main\AndroidManifest.xml:160:13-36
176        <activity
176-->src\main\AndroidManifest.xml:161:9-163:39
177            android:name="com.qdocs.smartschool.students.StudentUploadHomework"
177-->src\main\AndroidManifest.xml:162:13-80
178            android:exported="true" />
178-->src\main\AndroidManifest.xml:163:13-36
179        <activity
179-->src\main\AndroidManifest.xml:164:9-166:39
180            android:name="com.qdocs.smartschool.ForgotPassword"
180-->src\main\AndroidManifest.xml:165:13-64
181            android:exported="true" />
181-->src\main\AndroidManifest.xml:166:13-36
182        <activity
182-->src\main\AndroidManifest.xml:167:9-169:39
183            android:name="com.qdocs.smartschool.BaseActivity"
183-->src\main\AndroidManifest.xml:168:13-62
184            android:exported="true" />
184-->src\main\AndroidManifest.xml:169:13-36
185        <activity
185-->src\main\AndroidManifest.xml:170:9-172:39
186            android:name="com.qdocs.smartschool.students.StudentFees"
186-->src\main\AndroidManifest.xml:171:13-70
187            android:exported="true" />
187-->src\main\AndroidManifest.xml:172:13-36
188        <activity
188-->src\main\AndroidManifest.xml:173:9-175:39
189            android:name="com.qdocs.smartschool.students.StudentNoticeBoard"
189-->src\main\AndroidManifest.xml:174:13-77
190            android:exported="true" />
190-->src\main\AndroidManifest.xml:175:13-36
191        <activity
191-->src\main\AndroidManifest.xml:176:9-178:39
192            android:name="com.qdocs.smartschool.students.StudentExaminationList"
192-->src\main\AndroidManifest.xml:177:13-81
193            android:exported="true" />
193-->src\main\AndroidManifest.xml:178:13-36
194        <activity
194-->src\main\AndroidManifest.xml:179:9-181:39
195            android:name="com.qdocs.smartschool.students.StudentReportCard_ExamListResult"
195-->src\main\AndroidManifest.xml:180:13-91
196            android:exported="true" />
196-->src\main\AndroidManifest.xml:181:13-36
197        <activity
197-->src\main\AndroidManifest.xml:182:9-184:39
198            android:name="com.qdocs.smartschool.students.StudentSubjectList"
198-->src\main\AndroidManifest.xml:183:13-77
199            android:exported="true" />
199-->src\main\AndroidManifest.xml:184:13-36
200        <activity
200-->src\main\AndroidManifest.xml:185:9-187:39
201            android:name="com.qdocs.smartschool.students.StudentTeachersList"
201-->src\main\AndroidManifest.xml:186:13-78
202            android:exported="true" />
202-->src\main\AndroidManifest.xml:187:13-36
203        <activity
203-->src\main\AndroidManifest.xml:188:9-190:39
204            android:name="com.qdocs.smartschool.students.StudentTransportRoutes"
204-->src\main\AndroidManifest.xml:189:13-81
205            android:exported="true" />
205-->src\main\AndroidManifest.xml:190:13-36
206        <activity
206-->src\main\AndroidManifest.xml:191:9-193:39
207            android:name="com.qdocs.smartschool.students.StudentDownloads"
207-->src\main\AndroidManifest.xml:192:13-75
208            android:exported="true" />
208-->src\main\AndroidManifest.xml:193:13-36
209        <activity
209-->src\main\AndroidManifest.xml:194:9-196:39
210            android:name="com.qdocs.smartschool.students.StudentAttendance"
210-->src\main\AndroidManifest.xml:195:13-76
211            android:exported="true" />
211-->src\main\AndroidManifest.xml:196:13-36
212        <activity
212-->src\main\AndroidManifest.xml:197:9-199:39
213            android:name="com.qdocs.smartschool.students.StudentReportCard_ExamList"
213-->src\main\AndroidManifest.xml:198:13-85
214            android:exported="true" />
214-->src\main\AndroidManifest.xml:199:13-36
215        <activity
215-->src\main\AndroidManifest.xml:200:9-202:39
216            android:name="com.qdocs.smartschool.students.StudentExamSchedule_ExamList"
216-->src\main\AndroidManifest.xml:201:13-87
217            android:exported="true" />
217-->src\main\AndroidManifest.xml:202:13-36
218        <activity
218-->src\main\AndroidManifest.xml:203:9-205:39
219            android:name="com.qdocs.smartschool.students.StudentExamSchedule"
219-->src\main\AndroidManifest.xml:204:13-78
220            android:exported="true" />
220-->src\main\AndroidManifest.xml:205:13-36
221        <activity
221-->src\main\AndroidManifest.xml:206:9-208:39
222            android:name="com.qdocs.smartschool.students.StudentVisitorBook"
222-->src\main\AndroidManifest.xml:207:13-77
223            android:exported="true" />
223-->src\main\AndroidManifest.xml:208:13-36
224        <activity
224-->src\main\AndroidManifest.xml:209:9-211:39
225            android:name="com.qdocs.smartschool.students.StudentHostel"
225-->src\main\AndroidManifest.xml:210:13-72
226            android:exported="true" />
226-->src\main\AndroidManifest.xml:211:13-36
227        <activity
227-->src\main\AndroidManifest.xml:212:9-214:39
228            android:name="com.qdocs.smartschool.students.StudentLibraryBook"
228-->src\main\AndroidManifest.xml:213:13-77
229            android:exported="true" />
229-->src\main\AndroidManifest.xml:214:13-36
230        <activity
230-->src\main\AndroidManifest.xml:215:9-217:39
231            android:name="com.qdocs.smartschool.students.StudentClassTimetable"
231-->src\main\AndroidManifest.xml:216:13-80
232            android:exported="true" />
232-->src\main\AndroidManifest.xml:217:13-36
233        <activity
233-->src\main\AndroidManifest.xml:218:9-220:39
234            android:name="com.qdocs.smartschool.students.StudentSyllabusTimetable"
234-->src\main\AndroidManifest.xml:219:13-83
235            android:exported="true" />
235-->src\main\AndroidManifest.xml:220:13-36
236        <activity
236-->src\main\AndroidManifest.xml:221:9-223:39
237            android:name="com.qdocs.smartschool.students.StudentSyllabusStatus"
237-->src\main\AndroidManifest.xml:222:13-80
238            android:exported="true" />
238-->src\main\AndroidManifest.xml:223:13-36
239        <activity
239-->src\main\AndroidManifest.xml:224:9-226:39
240            android:name="com.qdocs.smartschool.students.StudentLibraryBookIssued"
240-->src\main\AndroidManifest.xml:225:13-83
241            android:exported="true" />
241-->src\main\AndroidManifest.xml:226:13-36
242        <activity
242-->src\main\AndroidManifest.xml:227:9-229:39
243            android:name="com.qdocs.smartschool.students.StudentAppyLeave"
243-->src\main\AndroidManifest.xml:228:13-75
244            android:exported="true" />
244-->src\main\AndroidManifest.xml:229:13-36
245        <activity
245-->src\main\AndroidManifest.xml:230:9-232:39
246            android:name="com.qdocs.smartschool.students.StudentAddLeave"
246-->src\main\AndroidManifest.xml:231:13-74
247            android:exported="true" />
247-->src\main\AndroidManifest.xml:232:13-36
248        <activity
248-->src\main\AndroidManifest.xml:233:9-235:39
249            android:name="com.qdocs.smartschool.students.StudentEditLeave"
249-->src\main\AndroidManifest.xml:234:13-75
250            android:exported="true" />
250-->src\main\AndroidManifest.xml:235:13-36
251        <activity
251-->src\main\AndroidManifest.xml:236:9-238:39
252            android:name="com.qdocs.smartschool.students.StudentSyllabus"
252-->src\main\AndroidManifest.xml:237:13-74
253            android:exported="true" />
253-->src\main\AndroidManifest.xml:238:13-36
254        <activity
254-->src\main\AndroidManifest.xml:239:9-241:39
255            android:name="com.qdocs.smartschool.students.StudentOnlineQuizResult"
255-->src\main\AndroidManifest.xml:240:13-82
256            android:exported="true" />
256-->src\main\AndroidManifest.xml:241:13-36
257        <activity
257-->src\main\AndroidManifest.xml:242:9-244:39
258            android:name="com.qdocs.smartschool.students.StudentSyllabuslesson"
258-->src\main\AndroidManifest.xml:243:13-80
259            android:exported="true" />
259-->src\main\AndroidManifest.xml:244:13-36
260        <activity
260-->src\main\AndroidManifest.xml:245:9-247:39
261            android:name="com.qdocs.smartschool.students.StudentOnlineCourseQuiz"
261-->src\main\AndroidManifest.xml:246:13-82
262            android:exported="true" />
262-->src\main\AndroidManifest.xml:247:13-36
263        <activity
263-->src\main\AndroidManifest.xml:248:9-250:39
264            android:name="com.qdocs.smartschool.SettingActivity"
264-->src\main\AndroidManifest.xml:249:13-65
265            android:exported="true" />
265-->src\main\AndroidManifest.xml:250:13-36
266        <activity
266-->src\main\AndroidManifest.xml:251:9-253:39
267            android:name="com.qdocs.smartschool.OpenPdf"
267-->src\main\AndroidManifest.xml:252:13-57
268            android:exported="true" />
268-->src\main\AndroidManifest.xml:253:13-36
269        <activity
269-->src\main\AndroidManifest.xml:254:9-256:39
270            android:name="com.qdocs.smartschool.students.StudentTasks"
270-->src\main\AndroidManifest.xml:255:13-71
271            android:exported="true" />
271-->src\main\AndroidManifest.xml:256:13-36
272        <activity
272-->src\main\AndroidManifest.xml:257:9-259:39
273            android:name="com.qdocs.smartschool.students.StudentTasksEdit"
273-->src\main\AndroidManifest.xml:258:13-75
274            android:exported="true" />
274-->src\main\AndroidManifest.xml:259:13-36
275        <activity
275-->src\main\AndroidManifest.xml:260:9-262:39
276            android:name="com.qdocs.smartschool.students.Payment"
276-->src\main\AndroidManifest.xml:261:13-66
277            android:exported="true" />
277-->src\main\AndroidManifest.xml:262:13-36
278        <activity
278-->src\main\AndroidManifest.xml:263:9-265:39
279            android:name="com.qdocs.smartschool.students.CoursePayment"
279-->src\main\AndroidManifest.xml:264:13-72
280            android:exported="true" />
280-->src\main\AndroidManifest.xml:265:13-36
281        <activity
281-->src\main\AndroidManifest.xml:266:9-270:53
282            android:name="com.qdocs.smartschool.students.CourseVideoPlay"
282-->src\main\AndroidManifest.xml:267:13-74
283            android:configChanges="orientation|screenSize"
283-->src\main\AndroidManifest.xml:268:13-59
284            android:exported="false"
284-->src\main\AndroidManifest.xml:269:13-37
285            android:screenOrientation="landscape" />
285-->src\main\AndroidManifest.xml:270:13-50
286        <activity
286-->src\main\AndroidManifest.xml:271:9-273:40
287            android:name="com.qdocs.smartschool.students.LiveClasses"
287-->src\main\AndroidManifest.xml:272:13-70
288            android:exported="false" />
288-->src\main\AndroidManifest.xml:273:13-37
289
290        <service
290-->src\main\AndroidManifest.xml:275:9-281:19
291            android:name="com.qdocs.smartschool.utils.MyFirebaseMessagingService"
291-->src\main\AndroidManifest.xml:276:13-82
292            android:exported="true" >
292-->src\main\AndroidManifest.xml:277:13-36
293            <intent-filter>
293-->src\main\AndroidManifest.xml:278:13-280:29
294                <action android:name="com.google.firebase.MESSAGING_EVENT" />
294-->src\main\AndroidManifest.xml:279:17-78
294-->src\main\AndroidManifest.xml:279:25-75
295            </intent-filter>
296        </service>
297
298        <provider
299            android:name="androidx.core.content.FileProvider"
299-->src\main\AndroidManifest.xml:284:13-62
300            android:authorities="com.qdocs.smartschools.provider"
300-->src\main\AndroidManifest.xml:285:13-60
301            android:exported="false"
301-->src\main\AndroidManifest.xml:286:13-37
302            android:grantUriPermissions="true" >
302-->src\main\AndroidManifest.xml:287:13-47
303            <meta-data
303-->src\main\AndroidManifest.xml:288:13-290:58
304                android:name="android.support.FILE_PROVIDER_PATHS"
304-->src\main\AndroidManifest.xml:289:17-67
305                android:resource="@xml/provider_paths" />
305-->src\main\AndroidManifest.xml:290:17-55
306        </provider>
307        <!--
308             FirebaseMessagingService performs security checks at runtime,
309             but set to not exported to explicitly avoid allowing another app to call it.
310        -->
311        <service
311-->[com.google.firebase:firebase-messaging:20.0.0] AndroidManifest.xml:28:9-34:19
312            android:name="com.google.firebase.messaging.FirebaseMessagingService"
312-->[com.google.firebase:firebase-messaging:20.0.0] AndroidManifest.xml:29:13-82
313            android:exported="false" >
313-->[com.google.firebase:firebase-messaging:20.0.0] AndroidManifest.xml:30:13-37
314            <intent-filter android:priority="-500" >
314-->src\main\AndroidManifest.xml:278:13-280:29
315                <action android:name="com.google.firebase.MESSAGING_EVENT" />
315-->src\main\AndroidManifest.xml:279:17-78
315-->src\main\AndroidManifest.xml:279:25-75
316            </intent-filter>
317        </service>
318        <service
318-->[com.google.firebase:firebase-iid:20.0.0] AndroidManifest.xml:29:9-35:19
319            android:name="com.google.firebase.components.ComponentDiscoveryService"
319-->[com.google.firebase:firebase-iid:20.0.0] AndroidManifest.xml:30:13-84
320            android:exported="false" >
320-->[com.google.firebase:firebase-iid:20.0.0] AndroidManifest.xml:31:13-37
321            <meta-data
321-->[com.google.firebase:firebase-iid:20.0.0] AndroidManifest.xml:32:13-34:85
322                android:name="com.google.firebase.components:com.google.firebase.iid.Registrar"
322-->[com.google.firebase:firebase-iid:20.0.0] AndroidManifest.xml:33:17-96
323                android:value="com.google.firebase.components.ComponentRegistrar" />
323-->[com.google.firebase:firebase-iid:20.0.0] AndroidManifest.xml:34:17-82